{"numFailedTestSuites":1,"numFailedTests":2,"numPassedTestSuites":9,"numPassedTests":105,"numPendingTestSuites":0,"numPendingTests":0,"numRuntimeErrorTestSuites":0,"numTodoTests":0,"numTotalTestSuites":10,"numTotalTests":107,"openHandles":[],"snapshot":{"added":0,"didUpdate":false,"failure":false,"filesAdded":0,"filesRemoved":0,"filesRemovedList":[],"filesUnmatched":0,"filesUpdated":0,"matched":0,"total":0,"unchecked":0,"uncheckedKeysByFile":[],"unmatched":0,"updated":0},"startTime":1755046574922,"success":false,"testResults":[{"assertionResults":[{"ancestorTitles":["TimeSlotCalendar Business Day Calculation","Business Day Functionality Integration"],"duration":183,"failing":false,"failureDetails":[],"failureMessages":[],"fullName":"TimeSlotCalendar Business Day Calculation Business Day Functionality Integration should display business days and respect weekend settings","invocations":1,"location":null,"numPassingAsserts":3,"retryReasons":[],"startAt":1755046576188,"status":"passed","title":"should display business days and respect weekend settings"},{"ancestorTitles":["TimeSlotCalendar Business Day Calculation","Business Day Functionality Integration"],"duration":121,"failing":false,"failureDetails":[],"failureMessages":[],"fullName":"TimeSlotCalendar Business Day Calculation Business Day Functionality Integration should include weekends when includeWeekends is enabled","invocations":1,"location":null,"numPassingAsserts":2,"retryReasons":[],"startAt":1755046576371,"status":"passed","title":"should include weekends when includeWeekends is enabled"},{"ancestorTitles":["TimeSlotCalendar Business Day Calculation","Business Day Functionality Integration"],"duration":78,"failing":false,"failureDetails":[],"failureMessages":[],"fullName":"TimeSlotCalendar Business Day Calculation Business Day Functionality Integration should handle business day mode vs weekend mode differently","invocations":1,"location":null,"numPassingAsserts":2,"retryReasons":[],"startAt":1755046576492,"status":"passed","title":"should handle business day mode vs weekend mode differently"},{"ancestorTitles":["TimeSlotCalendar Business Day Calculation","Date Range Calculation with Business Logic"],"duration":117,"failing":false,"failureDetails":[{"name":"TestingLibraryElementError"}],"failureMessages":["TestingLibraryElementError: Unable to find an element with the text: /Showing 9 days total/. This could be because the text is broken up by multiple elements. In this case, you can provide a function for your text matcher to make your matcher more flexible.\n\nIgnored nodes: comments, script, style\n\u001b[36m<body>\u001b[39m\n  \u001b[36m<div>\u001b[39m\n    \u001b[36m<div\u001b[39m\n      \u001b[33mclass\u001b[39m=\u001b[32m\"space-y-6\"\u001b[39m\n    \u001b[36m>\u001b[39m\n      \u001b[36m<div\u001b[39m\n        \u001b[33mclass\u001b[39m=\u001b[32m\"rounded-lg border bg-card text-card-foreground shadow-sm\"\u001b[39m\n      \u001b[36m>\u001b[39m\n        \u001b[36m<div\u001b[39m\n          \u001b[33mclass\u001b[39m=\u001b[32m\"flex flex-col space-y-1.5 p-6\"\u001b[39m\n        \u001b[36m>\u001b[39m\n          \u001b[36m<div\u001b[39m\n            \u001b[33mclass\u001b[39m=\u001b[32m\"font-semibold tracking-tight text-lg\"\u001b[39m\n          \u001b[36m>\u001b[39m\n            \u001b[0mSelect Time Slots\u001b[0m\n          \u001b[36m</div>\u001b[39m\n        \u001b[36m</div>\u001b[39m\n        \u001b[36m<div\u001b[39m\n          \u001b[33mclass\u001b[39m=\u001b[32m\"p-6 pt-0 space-y-4\"\u001b[39m\n        \u001b[36m>\u001b[39m\n          \u001b[36m<div\u001b[39m\n            \u001b[33mclass\u001b[39m=\u001b[32m\"grid grid-cols-1 md:grid-cols-2 gap-4\"\u001b[39m\n          \u001b[36m>\u001b[39m\n            \u001b[36m<div\u001b[39m\n              \u001b[33mclass\u001b[39m=\u001b[32m\"space-y-2\"\u001b[39m\n            \u001b[36m>\u001b[39m\n              \u001b[36m<label\u001b[39m\n                \u001b[33mclass\u001b[39m=\u001b[32m\"text-sm font-medium leading-none peer-disabled:cursor-not-allowed peer-disabled:opacity-70\"\u001b[39m\n              \u001b[36m>\u001b[39m\n                \u001b[0mDate Range Type\u001b[0m\n              \u001b[36m</label>\u001b[39m\n              \u001b[36m<button\u001b[39m\n                \u001b[33maria-autocomplete\u001b[39m=\u001b[32m\"none\"\u001b[39m\n                \u001b[33maria-controls\u001b[39m=\u001b[32m\"radix-«rl»\"\u001b[39m\n                \u001b[33maria-expanded\u001b[39m=\u001b[32m\"false\"\u001b[39m\n                \u001b[33mclass\u001b[39m=\u001b[32m\"flex h-10 w-full items-center justify-between rounded-md border border-input bg-background px-3 py-2 text-sm ring-offset-background placeholder:text-muted-foreground focus:outline-none focus:ring-2 focus:ring-ring focus:ring-offset-2 disabled:cursor-not-allowed disabled:opacity-50 [&>span]:line-clamp-1\"\u001b[39m\n                \u001b[33mdata-state\u001b[39m=\u001b[32m\"closed\"\u001b[39m\n                \u001b[33mdir\u001b[39m=\u001b[32m\"ltr\"\u001b[39m\n                \u001b[33mrole\u001b[39m=\u001b[32m\"combobox\"\u001b[39m\n                \u001b[33mtype\u001b[39m=\u001b[32m\"button\"\u001b[39m\n              \u001b[36m>\u001b[39m\n                \u001b[36m<span\u001b[39m\n                  \u001b[33mstyle\u001b[39m=\u001b[32m\"pointer-events: none;\"\u001b[39m\n                \u001b[36m>\u001b[39m\n                  \u001b[0mTarget Date + Range\u001b[0m\n                \u001b[36m</span>\u001b[39m\n                \u001b[36m<svg\u001b[39m\n                  \u001b[33maria-hidden\u001b[39m=\u001b[32m\"true\"\u001b[39m\n                  \u001b[33mclass\u001b[39m=\u001b[32m\"lucide lucide-chevron-down h-4 w-4 opacity-50\"\u001b[39m\n                  \u001b[33mfill\u001b[39m=\u001b[32m\"none\"\u001b[39m\n                  \u001b[33mheight\u001b[39m=\u001b[32m\"24\"\u001b[39m\n                  \u001b[33mstroke\u001b[39m=\u001b[32m\"currentColor\"\u001b[39m\n                  \u001b[33mstroke-linecap\u001b[39m=\u001b[32m\"round\"\u001b[39m\n                  \u001b[33mstroke-linejoin\u001b[39m=\u001b[32m\"round\"\u001b[39m\n                  \u001b[33mstroke-width\u001b[39m=\u001b[32m\"2\"\u001b[39m\n                  \u001b[33mviewBox\u001b[39m=\u001b[32m\"0 0 24 24\"\u001b[39m\n                  \u001b[33mwidth\u001b[39m=\u001b[32m\"24\"\u001b[39m\n                  \u001b[33mxmlns\u001b[39m=\u001b[32m\"http://www.w3.org/2000/svg\"\u001b[39m\n                \u001b[36m>\u001b[39m\n                  \u001b[36m<path\u001b[39m\n                    \u001b[33md\u001b[39m=\u001b[32m\"m6 9 6 6 6-6\"\u001b[39m\n                  \u001b[36m/>\u001b[39m\n                \u001b[36m</svg>\u001b[39m\n              \u001b[36m</button>\u001b[39m\n            \u001b[36m</div>\u001b[39m\n            \u001b[36m<div\u001b[39m\n              \u001b[33mclass\u001b[39m=\u001b[32m\"space-y-2\"\u001b[39m\n            \u001b[36m>\u001b[39m\n              \u001b[36m<label\u001b[39m\n                \u001b[33mclass\u001b[39m=\u001b[32m\"text-sm font-medium leading-none peer-disabled:cursor-not-allowed peer-disabled:opacity-70\"\u001b[39m\n              \u001b[36m>\u001b[39m\n                \u001b[0mTarget Date\u001b[0m\n              \u001b[36m</label>\u001b[39m\n              \u001b[36m<input\u001b[39m\n                \u001b[33mclass\u001b[39m=\u001b[32m\"w-full border rounded px-3 py-2\"\u001b[39m\n                \u001b[33mmin\u001b[39m=\u001b[32m\"2025-08-13\"\u001b[39m\n                \u001b[33mtype\u001b[39m=\u001b[32m\"date\"\u001b[39m\n                \u001b[33mvalue\u001b[39m=\u001b[32m\"2025-08-15\"\u001b[39m\n              \u001b[36m/>\u001b[39m\n            \u001b[36m</div>\u001b[39m\n          \u001b[36m</div>\u001b[39m\n          \u001b[36m<div\u001b[39m\n            \u001b[33mclass\u001b[39m=\u001b[32m\"space-y-2\"\u001b[39m\n          \u001b[36m>\u001b[39m\n            \u001b[36m<label\u001b[39m\n              \u001b[33mclass\u001b[39m=\u001b[32m\"text-sm font-medium leading-none peer-disabled:cursor-not-allowed peer-disabled:opacity-70\"\u001b[39m\n            \u001b[36m>\u001b[39m\n              \u001b[0mDays Around Target (±\u001b[0m\n              \u001b[0m3\u001b[0m\n              \u001b[0m)\u001b[0m\n            \u001b[36m</label>\u001b[39m\n            \u001b[36m<input\u001b[39m\n              \u001b[33mclass\u001b[39m=\u001b[32m\"w-full\"\u001b[39m\n              \u001b[33mmax\u001b[39m=\u001b[32m\"10\"\u001b[39m\n              \u001b[33mmin\u001b[39m=\u001b[32m\"0\"\u001b[39m\n              \u001b[33mstep\u001b[39m=\u001b[32m\"1\"\u001b[39m\n              \u001b[33mtype\u001b[39m=\u001b[32m\"range\"\u001b[39m\n              \u001b[33mvalue\u001b[39m=\u001b[32m\"3\"\u001b[39m\n            \u001b[36m/>\u001b[39m\n            \u001b[36m<div\u001b[39m\n              \u001b[33mclass\u001b[39m=\u001b[32m\"text-sm text-muted-foreground\"\u001b[39m\n            \u001b[36m>\u001b[39m\n              \u001b[0mShowing \u001b[0m\n              \u001b[0m8\u001b[0m\n              \u001b[0m days total \u001b[0m\n              \u001b[0m(business days only)\u001b[0m\n            \u001b[36m</div>\u001b[39m\n          \u001b[36m</div>\u001b[39m\n          \u001b[36m<div\u001b[39m\n            \u001b[33mclass\u001b[39m=\u001b[32m\"grid grid-cols-1 md:grid-cols-4 gap-4\"\u001b[39m\n          \u001b[36m>\u001b[39m\n            \u001b[36m<div\u001b[39m\n              \u001b[33mclass\u001b[39m=\u001b[32m\"flex items-center space-x-2\"\u001b[39m\n            \u001b[36m>\u001b[39m\n              \u001b[36m<button\u001b[39m\n                \u001b[33maria-checked\u001b[39m=\u001b[32m\"false\"\u001b[39m\n                \u001b[33mclass\u001b[39m=\u001b[32m\"peer h-4 w-4 shrink-0 rounded-sm border border-primary ring-offset-background focus-visible:outline-none focus-visible:ring-2 focus-visible:ring-ring focus-visible:ring-offset-2 disabled:cursor-not-allowed disabled:opacity-50 data-[state=checked]:bg-primary data-[state=checked]:text-primary-foreground\"\u001b[39m\n                \u001b[33mdata-state\u001b[39m=\u001b[32m\"unchecked\"\u001b[39m\n                \u001b[33mid\u001b[39m=\u001b[32m\"includeWeekends\"\u001b[39m\n                \u001b[33mrole\u001b[39m=\u001b[32m\"checkbox\"\u001b[39m\n                \u001b[33mtype\u001b[39m=\u001b[32m\"button\"\u001b[39m\n                \u001b[33mvalue\u001b[39m=\u001b[32m\"on\"\u001b[39m\n              \u001b[36m/>\u001b[39m\n              \u001b[36m<label\u001b[39m\n                \u001b[33mclass\u001b[39m=\u001b[32m\"text-sm font-medium leading-none peer-disabled:cursor-not-allowed peer-disabled:opacity-70\"\u001b[39m\n                \u001b[33mfor\u001b[39m=\u001b[32m\"includeWeekends\"\u001b[39m\n              \u001b[36m>\u001b[39m\n                \u001b[0mInclude Weekends\u001b[0m\n              \u001b[36m</label>\u001b[39m\n            \u001b[36m</div>\u001b[39m\n            \u001b[36m<div\u001b[39m\n              \u001b[33mclass\u001b[39m=\u001b[32m\"flex items-center space-x-2\"\u001b[39m\n            \u001b[36m>\u001b[39m\n              \u001b[36m<button\u001b[39m\n                \u001b[33maria-checked\u001b[39m=\u001b[32m\"true\"\u001b[39m\n                \u001b[33mclass\u001b[39m=\u001b[32m\"peer h-4 w-4 shrink-0 rounded-sm border border-primary ring-offset-background focus-visible:outline-none focus-visible:ring-2 focus-visible:ring-ring focus-visible:ring-offset-2 disabled:cursor-not-allowed disabled:opacity-50 data-[state=checked]:bg-primary data-[state=checked]:text-primary-foreground\"\u001b[39m\n                \u001b[33mdata-state\u001b[39m=\u001b[32m\"checked\"\u001b[39m\n                \u001b[33mid\u001b[39m=\u001b[32m\"showCalendarEvents\"\u001b[39m\n                \u001b[33mrole\u001b[39m=\u001b[32m\"checkbox\"\u001b[39m\n                \u001b[33mtype\u001b[39m=\u001b[32m\"button\"\u001b[39m\n                \u001b[33mvalue\u001b[39m=\u001b[32m\"on...\n    at Object.getElementError (/workspace/frontend/node_modules/@testing-library/dom/dist/config.js:37:19)\n    at /workspace/frontend/node_modules/@testing-library/dom/dist/query-helpers.js:76:38\n    at /workspace/frontend/node_modules/@testing-library/dom/dist/query-helpers.js:52:17\n    at /workspace/frontend/node_modules/@testing-library/dom/dist/query-helpers.js:95:19\n    at Object.<anonymous> (/workspace/frontend/components/meetings/__tests__/time-slot-calendar.test.tsx:129:27)\n    at Promise.finally.completed (/workspace/frontend/node_modules/jest-circus/build/jestAdapterInit.js:1559:28)\n    at new Promise (<anonymous>)\n    at callAsyncCircusFn (/workspace/frontend/node_modules/jest-circus/build/jestAdapterInit.js:1499:10)\n    at _callCircusTest (/workspace/frontend/node_modules/jest-circus/build/jestAdapterInit.js:1009:40)\n    at processTicksAndRejections (node:internal/process/task_queues:105:5)\n    at _runTest (/workspace/frontend/node_modules/jest-circus/build/jestAdapterInit.js:949:3)\n    at _runTestsForDescribeBlock (/workspace/frontend/node_modules/jest-circus/build/jestAdapterInit.js:839:13)\n    at _runTestsForDescribeBlock (/workspace/frontend/node_modules/jest-circus/build/jestAdapterInit.js:829:11)\n    at _runTestsForDescribeBlock (/workspace/frontend/node_modules/jest-circus/build/jestAdapterInit.js:829:11)\n    at run (/workspace/frontend/node_modules/jest-circus/build/jestAdapterInit.js:757:3)\n    at runAndTransformResultsToJestFormat (/workspace/frontend/node_modules/jest-circus/build/jestAdapterInit.js:1920:21)\n    at jestAdapter (/workspace/frontend/node_modules/jest-circus/build/runner.js:101:19)\n    at runTestInternal (/workspace/frontend/node_modules/jest-runner/build/testWorker.js:272:16)\n    at runTest (/workspace/frontend/node_modules/jest-runner/build/testWorker.js:340:7)\n    at Object.worker (/workspace/frontend/node_modules/jest-runner/build/testWorker.js:494:12)"],"fullName":"TimeSlotCalendar Business Day Calculation Date Range Calculation with Business Logic should correctly calculate business day range for Friday target","invocations":1,"location":null,"numPassingAsserts":0,"retryReasons":[],"startAt":1755046576570,"status":"failed","title":"should correctly calculate business day range for Friday target"},{"ancestorTitles":["TimeSlotCalendar Business Day Calculation","Date Range Calculation with Business Logic"],"duration":57,"failing":false,"failureDetails":[],"failureMessages":[],"fullName":"TimeSlotCalendar Business Day Calculation Date Range Calculation with Business Logic should handle timezone conversion correctly in date display","invocations":1,"location":null,"numPassingAsserts":1,"retryReasons":[],"startAt":1755046576693,"status":"passed","title":"should handle timezone conversion correctly in date display"},{"ancestorTitles":["TimeSlotCalendar Business Day Calculation","Time Slot Selection with Business Day Logic"],"duration":61,"failing":false,"failureDetails":[],"failureMessages":[],"fullName":"TimeSlotCalendar Business Day Calculation Time Slot Selection with Business Day Logic should allow selection of time slots only on business days","invocations":1,"location":null,"numPassingAsserts":35,"retryReasons":[],"startAt":1755046576750,"status":"passed","title":"should allow selection of time slots only on business days"},{"ancestorTitles":["TimeSlotCalendar Business Day Calculation","Time Slot Selection with Business Day Logic"],"duration":53,"failing":false,"failureDetails":[{"name":"TestingLibraryElementError"}],"failureMessages":["TestingLibraryElementError: Unable to find an element with the text: Test Meeting. This could be because the text is broken up by multiple elements. In this case, you can provide a function for your text matcher to make your matcher more flexible.\n\nIgnored nodes: comments, script, style\n\u001b[36m<body>\u001b[39m\n  \u001b[36m<div>\u001b[39m\n    \u001b[36m<div\u001b[39m\n      \u001b[33mclass\u001b[39m=\u001b[32m\"space-y-6\"\u001b[39m\n    \u001b[36m>\u001b[39m\n      \u001b[36m<div\u001b[39m\n        \u001b[33mclass\u001b[39m=\u001b[32m\"rounded-lg border bg-card text-card-foreground shadow-sm\"\u001b[39m\n      \u001b[36m>\u001b[39m\n        \u001b[36m<div\u001b[39m\n          \u001b[33mclass\u001b[39m=\u001b[32m\"flex flex-col space-y-1.5 p-6\"\u001b[39m\n        \u001b[36m>\u001b[39m\n          \u001b[36m<div\u001b[39m\n            \u001b[33mclass\u001b[39m=\u001b[32m\"font-semibold tracking-tight text-lg\"\u001b[39m\n          \u001b[36m>\u001b[39m\n            \u001b[0mSelect Time Slots\u001b[0m\n          \u001b[36m</div>\u001b[39m\n        \u001b[36m</div>\u001b[39m\n        \u001b[36m<div\u001b[39m\n          \u001b[33mclass\u001b[39m=\u001b[32m\"p-6 pt-0 space-y-4\"\u001b[39m\n        \u001b[36m>\u001b[39m\n          \u001b[36m<div\u001b[39m\n            \u001b[33mclass\u001b[39m=\u001b[32m\"grid grid-cols-1 md:grid-cols-2 gap-4\"\u001b[39m\n          \u001b[36m>\u001b[39m\n            \u001b[36m<div\u001b[39m\n              \u001b[33mclass\u001b[39m=\u001b[32m\"space-y-2\"\u001b[39m\n            \u001b[36m>\u001b[39m\n              \u001b[36m<label\u001b[39m\n                \u001b[33mclass\u001b[39m=\u001b[32m\"text-sm font-medium leading-none peer-disabled:cursor-not-allowed peer-disabled:opacity-70\"\u001b[39m\n              \u001b[36m>\u001b[39m\n                \u001b[0mDate Range Type\u001b[0m\n              \u001b[36m</label>\u001b[39m\n              \u001b[36m<button\u001b[39m\n                \u001b[33maria-autocomplete\u001b[39m=\u001b[32m\"none\"\u001b[39m\n                \u001b[33maria-controls\u001b[39m=\u001b[32m\"radix-«r1a»\"\u001b[39m\n                \u001b[33maria-expanded\u001b[39m=\u001b[32m\"false\"\u001b[39m\n                \u001b[33mclass\u001b[39m=\u001b[32m\"flex h-10 w-full items-center justify-between rounded-md border border-input bg-background px-3 py-2 text-sm ring-offset-background placeholder:text-muted-foreground focus:outline-none focus:ring-2 focus:ring-ring focus:ring-offset-2 disabled:cursor-not-allowed disabled:opacity-50 [&>span]:line-clamp-1\"\u001b[39m\n                \u001b[33mdata-state\u001b[39m=\u001b[32m\"closed\"\u001b[39m\n                \u001b[33mdir\u001b[39m=\u001b[32m\"ltr\"\u001b[39m\n                \u001b[33mrole\u001b[39m=\u001b[32m\"combobox\"\u001b[39m\n                \u001b[33mtype\u001b[39m=\u001b[32m\"button\"\u001b[39m\n              \u001b[36m>\u001b[39m\n                \u001b[36m<span\u001b[39m\n                  \u001b[33mstyle\u001b[39m=\u001b[32m\"pointer-events: none;\"\u001b[39m\n                \u001b[36m>\u001b[39m\n                  \u001b[0mTarget Date + Range\u001b[0m\n                \u001b[36m</span>\u001b[39m\n                \u001b[36m<svg\u001b[39m\n                  \u001b[33maria-hidden\u001b[39m=\u001b[32m\"true\"\u001b[39m\n                  \u001b[33mclass\u001b[39m=\u001b[32m\"lucide lucide-chevron-down h-4 w-4 opacity-50\"\u001b[39m\n                  \u001b[33mfill\u001b[39m=\u001b[32m\"none\"\u001b[39m\n                  \u001b[33mheight\u001b[39m=\u001b[32m\"24\"\u001b[39m\n                  \u001b[33mstroke\u001b[39m=\u001b[32m\"currentColor\"\u001b[39m\n                  \u001b[33mstroke-linecap\u001b[39m=\u001b[32m\"round\"\u001b[39m\n                  \u001b[33mstroke-linejoin\u001b[39m=\u001b[32m\"round\"\u001b[39m\n                  \u001b[33mstroke-width\u001b[39m=\u001b[32m\"2\"\u001b[39m\n                  \u001b[33mviewBox\u001b[39m=\u001b[32m\"0 0 24 24\"\u001b[39m\n                  \u001b[33mwidth\u001b[39m=\u001b[32m\"24\"\u001b[39m\n                  \u001b[33mxmlns\u001b[39m=\u001b[32m\"http://www.w3.org/2000/svg\"\u001b[39m\n                \u001b[36m>\u001b[39m\n                  \u001b[36m<path\u001b[39m\n                    \u001b[33md\u001b[39m=\u001b[32m\"m6 9 6 6 6-6\"\u001b[39m\n                  \u001b[36m/>\u001b[39m\n                \u001b[36m</svg>\u001b[39m\n              \u001b[36m</button>\u001b[39m\n            \u001b[36m</div>\u001b[39m\n            \u001b[36m<div\u001b[39m\n              \u001b[33mclass\u001b[39m=\u001b[32m\"space-y-2\"\u001b[39m\n            \u001b[36m>\u001b[39m\n              \u001b[36m<label\u001b[39m\n                \u001b[33mclass\u001b[39m=\u001b[32m\"text-sm font-medium leading-none peer-disabled:cursor-not-allowed peer-disabled:opacity-70\"\u001b[39m\n              \u001b[36m>\u001b[39m\n                \u001b[0mTarget Date\u001b[0m\n              \u001b[36m</label>\u001b[39m\n              \u001b[36m<input\u001b[39m\n                \u001b[33mclass\u001b[39m=\u001b[32m\"w-full border rounded px-3 py-2\"\u001b[39m\n                \u001b[33mmin\u001b[39m=\u001b[32m\"2025-08-13\"\u001b[39m\n                \u001b[33mtype\u001b[39m=\u001b[32m\"date\"\u001b[39m\n                \u001b[33mvalue\u001b[39m=\u001b[32m\"2025-08-12\"\u001b[39m\n              \u001b[36m/>\u001b[39m\n            \u001b[36m</div>\u001b[39m\n          \u001b[36m</div>\u001b[39m\n          \u001b[36m<div\u001b[39m\n            \u001b[33mclass\u001b[39m=\u001b[32m\"space-y-2\"\u001b[39m\n          \u001b[36m>\u001b[39m\n            \u001b[36m<label\u001b[39m\n              \u001b[33mclass\u001b[39m=\u001b[32m\"text-sm font-medium leading-none peer-disabled:cursor-not-allowed peer-disabled:opacity-70\"\u001b[39m\n            \u001b[36m>\u001b[39m\n              \u001b[0mDays Around Target (±\u001b[0m\n              \u001b[0m2\u001b[0m\n              \u001b[0m)\u001b[0m\n            \u001b[36m</label>\u001b[39m\n            \u001b[36m<input\u001b[39m\n              \u001b[33mclass\u001b[39m=\u001b[32m\"w-full\"\u001b[39m\n              \u001b[33mmax\u001b[39m=\u001b[32m\"10\"\u001b[39m\n              \u001b[33mmin\u001b[39m=\u001b[32m\"0\"\u001b[39m\n              \u001b[33mstep\u001b[39m=\u001b[32m\"1\"\u001b[39m\n              \u001b[33mtype\u001b[39m=\u001b[32m\"range\"\u001b[39m\n              \u001b[33mvalue\u001b[39m=\u001b[32m\"2\"\u001b[39m\n            \u001b[36m/>\u001b[39m\n            \u001b[36m<div\u001b[39m\n              \u001b[33mclass\u001b[39m=\u001b[32m\"text-sm text-muted-foreground\"\u001b[39m\n            \u001b[36m>\u001b[39m\n              \u001b[0mShowing \u001b[0m\n              \u001b[0m2\u001b[0m\n              \u001b[0m days total \u001b[0m\n              \u001b[0m(business days only)\u001b[0m\n            \u001b[36m</div>\u001b[39m\n          \u001b[36m</div>\u001b[39m\n          \u001b[36m<div\u001b[39m\n            \u001b[33mclass\u001b[39m=\u001b[32m\"grid grid-cols-1 md:grid-cols-4 gap-4\"\u001b[39m\n          \u001b[36m>\u001b[39m\n            \u001b[36m<div\u001b[39m\n              \u001b[33mclass\u001b[39m=\u001b[32m\"flex items-center space-x-2\"\u001b[39m\n            \u001b[36m>\u001b[39m\n              \u001b[36m<button\u001b[39m\n                \u001b[33maria-checked\u001b[39m=\u001b[32m\"false\"\u001b[39m\n                \u001b[33mclass\u001b[39m=\u001b[32m\"peer h-4 w-4 shrink-0 rounded-sm border border-primary ring-offset-background focus-visible:outline-none focus-visible:ring-2 focus-visible:ring-ring focus-visible:ring-offset-2 disabled:cursor-not-allowed disabled:opacity-50 data-[state=checked]:bg-primary data-[state=checked]:text-primary-foreground\"\u001b[39m\n                \u001b[33mdata-state\u001b[39m=\u001b[32m\"unchecked\"\u001b[39m\n                \u001b[33mid\u001b[39m=\u001b[32m\"includeWeekends\"\u001b[39m\n                \u001b[33mrole\u001b[39m=\u001b[32m\"checkbox\"\u001b[39m\n                \u001b[33mtype\u001b[39m=\u001b[32m\"button\"\u001b[39m\n                \u001b[33mvalue\u001b[39m=\u001b[32m\"on\"\u001b[39m\n              \u001b[36m/>\u001b[39m\n              \u001b[36m<label\u001b[39m\n                \u001b[33mclass\u001b[39m=\u001b[32m\"text-sm font-medium leading-none peer-disabled:cursor-not-allowed peer-disabled:opacity-70\"\u001b[39m\n                \u001b[33mfor\u001b[39m=\u001b[32m\"includeWeekends\"\u001b[39m\n              \u001b[36m>\u001b[39m\n                \u001b[0mInclude Weekends\u001b[0m\n              \u001b[36m</label>\u001b[39m\n            \u001b[36m</div>\u001b[39m\n            \u001b[36m<div\u001b[39m\n              \u001b[33mclass\u001b[39m=\u001b[32m\"flex items-center space-x-2\"\u001b[39m\n            \u001b[36m>\u001b[39m\n              \u001b[36m<button\u001b[39m\n                \u001b[33maria-checked\u001b[39m=\u001b[32m\"true\"\u001b[39m\n                \u001b[33mclass\u001b[39m=\u001b[32m\"peer h-4 w-4 shrink-0 rounded-sm border border-primary ring-offset-background focus-visible:outline-none focus-visible:ring-2 focus-visible:ring-ring focus-visible:ring-offset-2 disabled:cursor-not-allowed disabled:opacity-50 data-[state=checked]:bg-primary data-[state=checked]:text-primary-foreground\"\u001b[39m\n                \u001b[33mdata-state\u001b[39m=\u001b[32m\"checked\"\u001b[39m\n                \u001b[33mid\u001b[39m=\u001b[32m\"showCalendarEvents\"\u001b[39m\n                \u001b[33mrole\u001b[39m=\u001b[32m\"checkbox\"\u001b[39m\n                \u001b[33mtype\u001b[39m=\u001b[32m\"button\"\u001b[39m\n                \u001b[33mvalue\u001b[39m=\u001b[32m\"o...\n    at Object.getElementError (/workspace/frontend/node_modules/@testing-library/dom/dist/config.js:37:19)\n    at /workspace/frontend/node_modules/@testing-library/dom/dist/query-helpers.js:76:38\n    at /workspace/frontend/node_modules/@testing-library/dom/dist/query-helpers.js:52:17\n    at /workspace/frontend/node_modules/@testing-library/dom/dist/query-helpers.js:95:19\n    at Object.<anonymous> (/workspace/frontend/components/meetings/__tests__/time-slot-calendar.test.tsx:221:27)\n    at Promise.finally.completed (/workspace/frontend/node_modules/jest-circus/build/jestAdapterInit.js:1559:28)\n    at new Promise (<anonymous>)\n    at callAsyncCircusFn (/workspace/frontend/node_modules/jest-circus/build/jestAdapterInit.js:1499:10)\n    at _callCircusTest (/workspace/frontend/node_modules/jest-circus/build/jestAdapterInit.js:1009:40)\n    at processTicksAndRejections (node:internal/process/task_queues:105:5)\n    at _runTest (/workspace/frontend/node_modules/jest-circus/build/jestAdapterInit.js:949:3)\n    at _runTestsForDescribeBlock (/workspace/frontend/node_modules/jest-circus/build/jestAdapterInit.js:839:13)\n    at _runTestsForDescribeBlock (/workspace/frontend/node_modules/jest-circus/build/jestAdapterInit.js:829:11)\n    at _runTestsForDescribeBlock (/workspace/frontend/node_modules/jest-circus/build/jestAdapterInit.js:829:11)\n    at run (/workspace/frontend/node_modules/jest-circus/build/jestAdapterInit.js:757:3)\n    at runAndTransformResultsToJestFormat (/workspace/frontend/node_modules/jest-circus/build/jestAdapterInit.js:1920:21)\n    at jestAdapter (/workspace/frontend/node_modules/jest-circus/build/runner.js:101:19)\n    at runTestInternal (/workspace/frontend/node_modules/jest-runner/build/testWorker.js:272:16)\n    at runTest (/workspace/frontend/node_modules/jest-runner/build/testWorker.js:340:7)\n    at Object.worker (/workspace/frontend/node_modules/jest-runner/build/testWorker.js:494:12)"],"fullName":"TimeSlotCalendar Business Day Calculation Time Slot Selection with Business Day Logic should handle conflict detection with calendar events on business days","invocations":1,"location":null,"numPassingAsserts":0,"retryReasons":[],"startAt":1755046576811,"status":"failed","title":"should handle conflict detection with calendar events on business days"},{"ancestorTitles":["TimeSlotCalendar Business Day Integration"],"duration":43,"failing":false,"failureDetails":[],"failureMessages":[],"fullName":"TimeSlotCalendar Business Day Integration should correctly handle business day calculations end-to-end","invocations":1,"location":null,"numPassingAsserts":3,"retryReasons":[],"startAt":1755046576864,"status":"passed","title":"should correctly handle business day calculations end-to-end"}],"endTime":1755046576919,"message":"  ● TimeSlotCalendar Business Day Calculation › Date Range Calculation with Business Logic › should correctly calculate business day range for Friday target\n\n    TestingLibraryElementError: Unable to find an element with the text: /Showing 9 days total/. This could be because the text is broken up by multiple elements. In this case, you can provide a function for your text matcher to make your matcher more flexible.\n\n    Ignored nodes: comments, script, style\n    \u001b[36m<body>\u001b[39m\n      \u001b[36m<div>\u001b[39m\n        \u001b[36m<div\u001b[39m\n          \u001b[33mclass\u001b[39m=\u001b[32m\"space-y-6\"\u001b[39m\n        \u001b[36m>\u001b[39m\n          \u001b[36m<div\u001b[39m\n            \u001b[33mclass\u001b[39m=\u001b[32m\"rounded-lg border bg-card text-card-foreground shadow-sm\"\u001b[39m\n          \u001b[36m>\u001b[39m\n            \u001b[36m<div\u001b[39m\n              \u001b[33mclass\u001b[39m=\u001b[32m\"flex flex-col space-y-1.5 p-6\"\u001b[39m\n            \u001b[36m>\u001b[39m\n              \u001b[36m<div\u001b[39m\n                \u001b[33mclass\u001b[39m=\u001b[32m\"font-semibold tracking-tight text-lg\"\u001b[39m\n              \u001b[36m>\u001b[39m\n                \u001b[0mSelect Time Slots\u001b[0m\n              \u001b[36m</div>\u001b[39m\n            \u001b[36m</div>\u001b[39m\n            \u001b[36m<div\u001b[39m\n              \u001b[33mclass\u001b[39m=\u001b[32m\"p-6 pt-0 space-y-4\"\u001b[39m\n            \u001b[36m>\u001b[39m\n              \u001b[36m<div\u001b[39m\n                \u001b[33mclass\u001b[39m=\u001b[32m\"grid grid-cols-1 md:grid-cols-2 gap-4\"\u001b[39m\n              \u001b[36m>\u001b[39m\n                \u001b[36m<div\u001b[39m\n                  \u001b[33mclass\u001b[39m=\u001b[32m\"space-y-2\"\u001b[39m\n                \u001b[36m>\u001b[39m\n                  \u001b[36m<label\u001b[39m\n                    \u001b[33mclass\u001b[39m=\u001b[32m\"text-sm font-medium leading-none peer-disabled:cursor-not-allowed peer-disabled:opacity-70\"\u001b[39m\n                  \u001b[36m>\u001b[39m\n                    \u001b[0mDate Range Type\u001b[0m\n                  \u001b[36m</label>\u001b[39m\n                  \u001b[36m<button\u001b[39m\n                    \u001b[33maria-autocomplete\u001b[39m=\u001b[32m\"none\"\u001b[39m\n                    \u001b[33maria-controls\u001b[39m=\u001b[32m\"radix-«rl»\"\u001b[39m\n                    \u001b[33maria-expanded\u001b[39m=\u001b[32m\"false\"\u001b[39m\n                    \u001b[33mclass\u001b[39m=\u001b[32m\"flex h-10 w-full items-center justify-between rounded-md border border-input bg-background px-3 py-2 text-sm ring-offset-background placeholder:text-muted-foreground focus:outline-none focus:ring-2 focus:ring-ring focus:ring-offset-2 disabled:cursor-not-allowed disabled:opacity-50 [&>span]:line-clamp-1\"\u001b[39m\n                    \u001b[33mdata-state\u001b[39m=\u001b[32m\"closed\"\u001b[39m\n                    \u001b[33mdir\u001b[39m=\u001b[32m\"ltr\"\u001b[39m\n                    \u001b[33mrole\u001b[39m=\u001b[32m\"combobox\"\u001b[39m\n                    \u001b[33mtype\u001b[39m=\u001b[32m\"button\"\u001b[39m\n                  \u001b[36m>\u001b[39m\n                    \u001b[36m<span\u001b[39m\n                      \u001b[33mstyle\u001b[39m=\u001b[32m\"pointer-events: none;\"\u001b[39m\n                    \u001b[36m>\u001b[39m\n                      \u001b[0mTarget Date + Range\u001b[0m\n                    \u001b[36m</span>\u001b[39m\n                    \u001b[36m<svg\u001b[39m\n                      \u001b[33maria-hidden\u001b[39m=\u001b[32m\"true\"\u001b[39m\n                      \u001b[33mclass\u001b[39m=\u001b[32m\"lucide lucide-chevron-down h-4 w-4 opacity-50\"\u001b[39m\n                      \u001b[33mfill\u001b[39m=\u001b[32m\"none\"\u001b[39m\n                      \u001b[33mheight\u001b[39m=\u001b[32m\"24\"\u001b[39m\n                      \u001b[33mstroke\u001b[39m=\u001b[32m\"currentColor\"\u001b[39m\n                      \u001b[33mstroke-linecap\u001b[39m=\u001b[32m\"round\"\u001b[39m\n                      \u001b[33mstroke-linejoin\u001b[39m=\u001b[32m\"round\"\u001b[39m\n                      \u001b[33mstroke-width\u001b[39m=\u001b[32m\"2\"\u001b[39m\n                      \u001b[33mviewBox\u001b[39m=\u001b[32m\"0 0 24 24\"\u001b[39m\n                      \u001b[33mwidth\u001b[39m=\u001b[32m\"24\"\u001b[39m\n                      \u001b[33mxmlns\u001b[39m=\u001b[32m\"http://www.w3.org/2000/svg\"\u001b[39m\n                    \u001b[36m>\u001b[39m\n                      \u001b[36m<path\u001b[39m\n                        \u001b[33md\u001b[39m=\u001b[32m\"m6 9 6 6 6-6\"\u001b[39m\n                      \u001b[36m/>\u001b[39m\n                    \u001b[36m</svg>\u001b[39m\n                  \u001b[36m</button>\u001b[39m\n                \u001b[36m</div>\u001b[39m\n                \u001b[36m<div\u001b[39m\n                  \u001b[33mclass\u001b[39m=\u001b[32m\"space-y-2\"\u001b[39m\n                \u001b[36m>\u001b[39m\n                  \u001b[36m<label\u001b[39m\n                    \u001b[33mclass\u001b[39m=\u001b[32m\"text-sm font-medium leading-none peer-disabled:cursor-not-allowed peer-disabled:opacity-70\"\u001b[39m\n                  \u001b[36m>\u001b[39m\n                    \u001b[0mTarget Date\u001b[0m\n                  \u001b[36m</label>\u001b[39m\n                  \u001b[36m<input\u001b[39m\n                    \u001b[33mclass\u001b[39m=\u001b[32m\"w-full border rounded px-3 py-2\"\u001b[39m\n                    \u001b[33mmin\u001b[39m=\u001b[32m\"2025-08-13\"\u001b[39m\n                    \u001b[33mtype\u001b[39m=\u001b[32m\"date\"\u001b[39m\n                    \u001b[33mvalue\u001b[39m=\u001b[32m\"2025-08-15\"\u001b[39m\n                  \u001b[36m/>\u001b[39m\n                \u001b[36m</div>\u001b[39m\n              \u001b[36m</div>\u001b[39m\n              \u001b[36m<div\u001b[39m\n                \u001b[33mclass\u001b[39m=\u001b[32m\"space-y-2\"\u001b[39m\n              \u001b[36m>\u001b[39m\n                \u001b[36m<label\u001b[39m\n                  \u001b[33mclass\u001b[39m=\u001b[32m\"text-sm font-medium leading-none peer-disabled:cursor-not-allowed peer-disabled:opacity-70\"\u001b[39m\n                \u001b[36m>\u001b[39m\n                  \u001b[0mDays Around Target (±\u001b[0m\n                  \u001b[0m3\u001b[0m\n                  \u001b[0m)\u001b[0m\n                \u001b[36m</label>\u001b[39m\n                \u001b[36m<input\u001b[39m\n                  \u001b[33mclass\u001b[39m=\u001b[32m\"w-full\"\u001b[39m\n                  \u001b[33mmax\u001b[39m=\u001b[32m\"10\"\u001b[39m\n                  \u001b[33mmin\u001b[39m=\u001b[32m\"0\"\u001b[39m\n                  \u001b[33mstep\u001b[39m=\u001b[32m\"1\"\u001b[39m\n                  \u001b[33mtype\u001b[39m=\u001b[32m\"range\"\u001b[39m\n                  \u001b[33mvalue\u001b[39m=\u001b[32m\"3\"\u001b[39m\n                \u001b[36m/>\u001b[39m\n                \u001b[36m<div\u001b[39m\n                  \u001b[33mclass\u001b[39m=\u001b[32m\"text-sm text-muted-foreground\"\u001b[39m\n                \u001b[36m>\u001b[39m\n                  \u001b[0mShowing \u001b[0m\n                  \u001b[0m8\u001b[0m\n                  \u001b[0m days total \u001b[0m\n                  \u001b[0m(business days only)\u001b[0m\n                \u001b[36m</div>\u001b[39m\n              \u001b[36m</div>\u001b[39m\n              \u001b[36m<div\u001b[39m\n                \u001b[33mclass\u001b[39m=\u001b[32m\"grid grid-cols-1 md:grid-cols-4 gap-4\"\u001b[39m\n              \u001b[36m>\u001b[39m\n                \u001b[36m<div\u001b[39m\n                  \u001b[33mclass\u001b[39m=\u001b[32m\"flex items-center space-x-2\"\u001b[39m\n                \u001b[36m>\u001b[39m\n                  \u001b[36m<button\u001b[39m\n                    \u001b[33maria-checked\u001b[39m=\u001b[32m\"false\"\u001b[39m\n                    \u001b[33mclass\u001b[39m=\u001b[32m\"peer h-4 w-4 shrink-0 rounded-sm border border-primary ring-offset-background focus-visible:outline-none focus-visible:ring-2 focus-visible:ring-ring focus-visible:ring-offset-2 disabled:cursor-not-allowed disabled:opacity-50 data-[state=checked]:bg-primary data-[state=checked]:text-primary-foreground\"\u001b[39m\n                    \u001b[33mdata-state\u001b[39m=\u001b[32m\"unchecked\"\u001b[39m\n                    \u001b[33mid\u001b[39m=\u001b[32m\"includeWeekends\"\u001b[39m\n                    \u001b[33mrole\u001b[39m=\u001b[32m\"checkbox\"\u001b[39m\n                    \u001b[33mtype\u001b[39m=\u001b[32m\"button\"\u001b[39m\n                    \u001b[33mvalue\u001b[39m=\u001b[32m\"on\"\u001b[39m\n                  \u001b[36m/>\u001b[39m\n                  \u001b[36m<label\u001b[39m\n                    \u001b[33mclass\u001b[39m=\u001b[32m\"text-sm font-medium leading-none peer-disabled:cursor-not-allowed peer-disabled:opacity-70\"\u001b[39m\n                    \u001b[33mfor\u001b[39m=\u001b[32m\"includeWeekends\"\u001b[39m\n                  \u001b[36m>\u001b[39m\n                    \u001b[0mInclude Weekends\u001b[0m\n                  \u001b[36m</label>\u001b[39m\n                \u001b[36m</div>\u001b[39m\n                \u001b[36m<div\u001b[39m\n                  \u001b[33mclass\u001b[39m=\u001b[32m\"flex items-center space-x-2\"\u001b[39m\n                \u001b[36m>\u001b[39m\n                  \u001b[36m<button\u001b[39m\n                    \u001b[33maria-checked\u001b[39m=\u001b[32m\"true\"\u001b[39m\n                    \u001b[33mclass\u001b[39m=\u001b[32m\"peer h-4 w-4 shrink-0 rounded-sm border border-primary ring-offset-background focus-visible:outline-none focus-visible:ring-2 focus-visible:ring-ring focus-visible:ring-offset-2 disabled:cursor-not-allowed disabled:opacity-50 data-[state=checked]:bg-primary data-[state=checked]:text-primary-foreground\"\u001b[39m\n                    \u001b[33mdata-state\u001b[39m=\u001b[32m\"checked\"\u001b[39m\n                    \u001b[33mid\u001b[39m=\u001b[32m\"showCalendarEvents\"\u001b[39m\n                    \u001b[33mrole\u001b[39m=\u001b[32m\"checkbox\"\u001b[39m\n                    \u001b[33mtype\u001b[39m=\u001b[32m\"button\"\u001b[39m\n                    \u001b[33mvalue\u001b[39m=\u001b[32m\"on...\n\n      127 |\n      128 |             // Verify that the range shows the correct number of days (9 business days for +/- 3 days around Friday)\n    > 129 |             expect(screen.getByText(/Showing 9 days total/)).toBeInTheDocument();\n          |                           ^\n      130 |\n      131 |             // Verify that the slider value is correctly set to 3\n      132 |             const sliderElement = screen.getByRole('slider') as HTMLInputElement;\n\n      at Object.getElementError (node_modules/@testing-library/dom/dist/config.js:37:19)\n      at node_modules/@testing-library/dom/dist/query-helpers.js:76:38\n      at node_modules/@testing-library/dom/dist/query-helpers.js:52:17\n      at node_modules/@testing-library/dom/dist/query-helpers.js:95:19\n      at Object.<anonymous> (components/meetings/__tests__/time-slot-calendar.test.tsx:129:27)\n\n  ● TimeSlotCalendar Business Day Calculation › Time Slot Selection with Business Day Logic › should handle conflict detection with calendar events on business days\n\n    TestingLibraryElementError: Unable to find an element with the text: Test Meeting. This could be because the text is broken up by multiple elements. In this case, you can provide a function for your text matcher to make your matcher more flexible.\n\n    Ignored nodes: comments, script, style\n    \u001b[36m<body>\u001b[39m\n      \u001b[36m<div>\u001b[39m\n        \u001b[36m<div\u001b[39m\n          \u001b[33mclass\u001b[39m=\u001b[32m\"space-y-6\"\u001b[39m\n        \u001b[36m>\u001b[39m\n          \u001b[36m<div\u001b[39m\n            \u001b[33mclass\u001b[39m=\u001b[32m\"rounded-lg border bg-card text-card-foreground shadow-sm\"\u001b[39m\n          \u001b[36m>\u001b[39m\n            \u001b[36m<div\u001b[39m\n              \u001b[33mclass\u001b[39m=\u001b[32m\"flex flex-col space-y-1.5 p-6\"\u001b[39m\n            \u001b[36m>\u001b[39m\n              \u001b[36m<div\u001b[39m\n                \u001b[33mclass\u001b[39m=\u001b[32m\"font-semibold tracking-tight text-lg\"\u001b[39m\n              \u001b[36m>\u001b[39m\n                \u001b[0mSelect Time Slots\u001b[0m\n              \u001b[36m</div>\u001b[39m\n            \u001b[36m</div>\u001b[39m\n            \u001b[36m<div\u001b[39m\n              \u001b[33mclass\u001b[39m=\u001b[32m\"p-6 pt-0 space-y-4\"\u001b[39m\n            \u001b[36m>\u001b[39m\n              \u001b[36m<div\u001b[39m\n                \u001b[33mclass\u001b[39m=\u001b[32m\"grid grid-cols-1 md:grid-cols-2 gap-4\"\u001b[39m\n              \u001b[36m>\u001b[39m\n                \u001b[36m<div\u001b[39m\n                  \u001b[33mclass\u001b[39m=\u001b[32m\"space-y-2\"\u001b[39m\n                \u001b[36m>\u001b[39m\n                  \u001b[36m<label\u001b[39m\n                    \u001b[33mclass\u001b[39m=\u001b[32m\"text-sm font-medium leading-none peer-disabled:cursor-not-allowed peer-disabled:opacity-70\"\u001b[39m\n                  \u001b[36m>\u001b[39m\n                    \u001b[0mDate Range Type\u001b[0m\n                  \u001b[36m</label>\u001b[39m\n                  \u001b[36m<button\u001b[39m\n                    \u001b[33maria-autocomplete\u001b[39m=\u001b[32m\"none\"\u001b[39m\n                    \u001b[33maria-controls\u001b[39m=\u001b[32m\"radix-«r1a»\"\u001b[39m\n                    \u001b[33maria-expanded\u001b[39m=\u001b[32m\"false\"\u001b[39m\n                    \u001b[33mclass\u001b[39m=\u001b[32m\"flex h-10 w-full items-center justify-between rounded-md border border-input bg-background px-3 py-2 text-sm ring-offset-background placeholder:text-muted-foreground focus:outline-none focus:ring-2 focus:ring-ring focus:ring-offset-2 disabled:cursor-not-allowed disabled:opacity-50 [&>span]:line-clamp-1\"\u001b[39m\n                    \u001b[33mdata-state\u001b[39m=\u001b[32m\"closed\"\u001b[39m\n                    \u001b[33mdir\u001b[39m=\u001b[32m\"ltr\"\u001b[39m\n                    \u001b[33mrole\u001b[39m=\u001b[32m\"combobox\"\u001b[39m\n                    \u001b[33mtype\u001b[39m=\u001b[32m\"button\"\u001b[39m\n                  \u001b[36m>\u001b[39m\n                    \u001b[36m<span\u001b[39m\n                      \u001b[33mstyle\u001b[39m=\u001b[32m\"pointer-events: none;\"\u001b[39m\n                    \u001b[36m>\u001b[39m\n                      \u001b[0mTarget Date + Range\u001b[0m\n                    \u001b[36m</span>\u001b[39m\n                    \u001b[36m<svg\u001b[39m\n                      \u001b[33maria-hidden\u001b[39m=\u001b[32m\"true\"\u001b[39m\n                      \u001b[33mclass\u001b[39m=\u001b[32m\"lucide lucide-chevron-down h-4 w-4 opacity-50\"\u001b[39m\n                      \u001b[33mfill\u001b[39m=\u001b[32m\"none\"\u001b[39m\n                      \u001b[33mheight\u001b[39m=\u001b[32m\"24\"\u001b[39m\n                      \u001b[33mstroke\u001b[39m=\u001b[32m\"currentColor\"\u001b[39m\n                      \u001b[33mstroke-linecap\u001b[39m=\u001b[32m\"round\"\u001b[39m\n                      \u001b[33mstroke-linejoin\u001b[39m=\u001b[32m\"round\"\u001b[39m\n                      \u001b[33mstroke-width\u001b[39m=\u001b[32m\"2\"\u001b[39m\n                      \u001b[33mviewBox\u001b[39m=\u001b[32m\"0 0 24 24\"\u001b[39m\n                      \u001b[33mwidth\u001b[39m=\u001b[32m\"24\"\u001b[39m\n                      \u001b[33mxmlns\u001b[39m=\u001b[32m\"http://www.w3.org/2000/svg\"\u001b[39m\n                    \u001b[36m>\u001b[39m\n                      \u001b[36m<path\u001b[39m\n                        \u001b[33md\u001b[39m=\u001b[32m\"m6 9 6 6 6-6\"\u001b[39m\n                      \u001b[36m/>\u001b[39m\n                    \u001b[36m</svg>\u001b[39m\n                  \u001b[36m</button>\u001b[39m\n                \u001b[36m</div>\u001b[39m\n                \u001b[36m<div\u001b[39m\n                  \u001b[33mclass\u001b[39m=\u001b[32m\"space-y-2\"\u001b[39m\n                \u001b[36m>\u001b[39m\n                  \u001b[36m<label\u001b[39m\n                    \u001b[33mclass\u001b[39m=\u001b[32m\"text-sm font-medium leading-none peer-disabled:cursor-not-allowed peer-disabled:opacity-70\"\u001b[39m\n                  \u001b[36m>\u001b[39m\n                    \u001b[0mTarget Date\u001b[0m\n                  \u001b[36m</label>\u001b[39m\n                  \u001b[36m<input\u001b[39m\n                    \u001b[33mclass\u001b[39m=\u001b[32m\"w-full border rounded px-3 py-2\"\u001b[39m\n                    \u001b[33mmin\u001b[39m=\u001b[32m\"2025-08-13\"\u001b[39m\n                    \u001b[33mtype\u001b[39m=\u001b[32m\"date\"\u001b[39m\n                    \u001b[33mvalue\u001b[39m=\u001b[32m\"2025-08-12\"\u001b[39m\n                  \u001b[36m/>\u001b[39m\n                \u001b[36m</div>\u001b[39m\n              \u001b[36m</div>\u001b[39m\n              \u001b[36m<div\u001b[39m\n                \u001b[33mclass\u001b[39m=\u001b[32m\"space-y-2\"\u001b[39m\n              \u001b[36m>\u001b[39m\n                \u001b[36m<label\u001b[39m\n                  \u001b[33mclass\u001b[39m=\u001b[32m\"text-sm font-medium leading-none peer-disabled:cursor-not-allowed peer-disabled:opacity-70\"\u001b[39m\n                \u001b[36m>\u001b[39m\n                  \u001b[0mDays Around Target (±\u001b[0m\n                  \u001b[0m2\u001b[0m\n                  \u001b[0m)\u001b[0m\n                \u001b[36m</label>\u001b[39m\n                \u001b[36m<input\u001b[39m\n                  \u001b[33mclass\u001b[39m=\u001b[32m\"w-full\"\u001b[39m\n                  \u001b[33mmax\u001b[39m=\u001b[32m\"10\"\u001b[39m\n                  \u001b[33mmin\u001b[39m=\u001b[32m\"0\"\u001b[39m\n                  \u001b[33mstep\u001b[39m=\u001b[32m\"1\"\u001b[39m\n                  \u001b[33mtype\u001b[39m=\u001b[32m\"range\"\u001b[39m\n                  \u001b[33mvalue\u001b[39m=\u001b[32m\"2\"\u001b[39m\n                \u001b[36m/>\u001b[39m\n                \u001b[36m<div\u001b[39m\n                  \u001b[33mclass\u001b[39m=\u001b[32m\"text-sm text-muted-foreground\"\u001b[39m\n                \u001b[36m>\u001b[39m\n                  \u001b[0mShowing \u001b[0m\n                  \u001b[0m2\u001b[0m\n                  \u001b[0m days total \u001b[0m\n                  \u001b[0m(business days only)\u001b[0m\n                \u001b[36m</div>\u001b[39m\n              \u001b[36m</div>\u001b[39m\n              \u001b[36m<div\u001b[39m\n                \u001b[33mclass\u001b[39m=\u001b[32m\"grid grid-cols-1 md:grid-cols-4 gap-4\"\u001b[39m\n              \u001b[36m>\u001b[39m\n                \u001b[36m<div\u001b[39m\n                  \u001b[33mclass\u001b[39m=\u001b[32m\"flex items-center space-x-2\"\u001b[39m\n                \u001b[36m>\u001b[39m\n                  \u001b[36m<button\u001b[39m\n                    \u001b[33maria-checked\u001b[39m=\u001b[32m\"false\"\u001b[39m\n                    \u001b[33mclass\u001b[39m=\u001b[32m\"peer h-4 w-4 shrink-0 rounded-sm border border-primary ring-offset-background focus-visible:outline-none focus-visible:ring-2 focus-visible:ring-ring focus-visible:ring-offset-2 disabled:cursor-not-allowed disabled:opacity-50 data-[state=checked]:bg-primary data-[state=checked]:text-primary-foreground\"\u001b[39m\n                    \u001b[33mdata-state\u001b[39m=\u001b[32m\"unchecked\"\u001b[39m\n                    \u001b[33mid\u001b[39m=\u001b[32m\"includeWeekends\"\u001b[39m\n                    \u001b[33mrole\u001b[39m=\u001b[32m\"checkbox\"\u001b[39m\n                    \u001b[33mtype\u001b[39m=\u001b[32m\"button\"\u001b[39m\n                    \u001b[33mvalue\u001b[39m=\u001b[32m\"on\"\u001b[39m\n                  \u001b[36m/>\u001b[39m\n                  \u001b[36m<label\u001b[39m\n                    \u001b[33mclass\u001b[39m=\u001b[32m\"text-sm font-medium leading-none peer-disabled:cursor-not-allowed peer-disabled:opacity-70\"\u001b[39m\n                    \u001b[33mfor\u001b[39m=\u001b[32m\"includeWeekends\"\u001b[39m\n                  \u001b[36m>\u001b[39m\n                    \u001b[0mInclude Weekends\u001b[0m\n                  \u001b[36m</label>\u001b[39m\n                \u001b[36m</div>\u001b[39m\n                \u001b[36m<div\u001b[39m\n                  \u001b[33mclass\u001b[39m=\u001b[32m\"flex items-center space-x-2\"\u001b[39m\n                \u001b[36m>\u001b[39m\n                  \u001b[36m<button\u001b[39m\n                    \u001b[33maria-checked\u001b[39m=\u001b[32m\"true\"\u001b[39m\n                    \u001b[33mclass\u001b[39m=\u001b[32m\"peer h-4 w-4 shrink-0 rounded-sm border border-primary ring-offset-background focus-visible:outline-none focus-visible:ring-2 focus-visible:ring-ring focus-visible:ring-offset-2 disabled:cursor-not-allowed disabled:opacity-50 data-[state=checked]:bg-primary data-[state=checked]:text-primary-foreground\"\u001b[39m\n                    \u001b[33mdata-state\u001b[39m=\u001b[32m\"checked\"\u001b[39m\n                    \u001b[33mid\u001b[39m=\u001b[32m\"showCalendarEvents\"\u001b[39m\n                    \u001b[33mrole\u001b[39m=\u001b[32m\"checkbox\"\u001b[39m\n                    \u001b[33mtype\u001b[39m=\u001b[32m\"button\"\u001b[39m\n                    \u001b[33mvalue\u001b[39m=\u001b[32m\"o...\n\n      219 |\n      220 |             // Verify the calendar event is displayed\n    > 221 |             expect(screen.getByText('Test Meeting')).toBeInTheDocument();\n          |                           ^\n      222 |         });\n      223 |     });\n      224 | });\n\n      at Object.getElementError (node_modules/@testing-library/dom/dist/config.js:37:19)\n      at node_modules/@testing-library/dom/dist/query-helpers.js:76:38\n      at node_modules/@testing-library/dom/dist/query-helpers.js:52:17\n      at node_modules/@testing-library/dom/dist/query-helpers.js:95:19\n      at Object.<anonymous> (components/meetings/__tests__/time-slot-calendar.test.tsx:221:27)\n","name":"/workspace/frontend/components/meetings/__tests__/time-slot-calendar.test.tsx","startTime":1755046575390,"status":"failed","summary":""},{"assertionResults":[{"ancestorTitles":["useShipmentEvents"],"duration":2,"failing":false,"failureDetails":[],"failureMessages":[],"fullName":"useShipmentEvents should return empty events when emailId is empty","invocations":1,"location":null,"numPassingAsserts":4,"retryReasons":[],"startAt":1755046576994,"status":"passed","title":"should return empty events when emailId is empty"},{"ancestorTitles":["useShipmentEvents"],"duration":57,"failing":false,"failureDetails":[],"failureMessages":[],"fullName":"useShipmentEvents should fetch events when emailId is provided","invocations":1,"location":null,"numPassingAsserts":6,"retryReasons":[],"startAt":1755046576996,"status":"passed","title":"should fetch events when emailId is provided"},{"ancestorTitles":["useShipmentEvents"],"duration":53,"failing":false,"failureDetails":[],"failureMessages":[],"fullName":"useShipmentEvents should handle errors when fetch fails","invocations":1,"location":null,"numPassingAsserts":4,"retryReasons":[],"startAt":1755046577053,"status":"passed","title":"should handle errors when fetch fails"},{"ancestorTitles":["useShipmentEvents"],"duration":52,"failing":false,"failureDetails":[],"failureMessages":[],"fullName":"useShipmentEvents should return hasEvents as false when no events are found","invocations":1,"location":null,"numPassingAsserts":4,"retryReasons":[],"startAt":1755046577106,"status":"passed","title":"should return hasEvents as false when no events are found"}],"endTime":1755046577159,"message":"","name":"/workspace/frontend/hooks/use-shipment-events.test.ts","startTime":1755046576929,"status":"passed","summary":""},{"assertionResults":[{"ancestorTitles":["EmailView - Select All Functionality"],"duration":32,"failing":false,"failureDetails":[],"failureMessages":[],"fullName":"EmailView - Select All Functionality should select only latest emails in tight view mode","invocations":1,"location":null,"numPassingAsserts":1,"retryReasons":[],"startAt":1755046577594,"status":"passed","title":"should select only latest emails in tight view mode"},{"ancestorTitles":["EmailView - Select All Functionality"],"duration":22,"failing":false,"failureDetails":[],"failureMessages":[],"fullName":"EmailView - Select All Functionality should handle view mode changes correctly","invocations":1,"location":null,"numPassingAsserts":1,"retryReasons":[],"startAt":1755046577626,"status":"passed","title":"should handle view mode changes correctly"}],"endTime":1755046577648,"message":"","name":"/workspace/frontend/components/views/email-view.test.tsx","startTime":1755046577174,"status":"passed","summary":""},{"assertionResults":[{"ancestorTitles":["EmailFolderSelector"],"duration":13,"failing":false,"failureDetails":[],"failureMessages":[],"fullName":"EmailFolderSelector renders without crashing","invocations":1,"location":null,"numPassingAsserts":1,"retryReasons":[],"startAt":1755046577740,"status":"passed","title":"renders without crashing"},{"ancestorTitles":["EmailFolderSelector"],"duration":4,"failing":false,"failureDetails":[],"failureMessages":[],"fullName":"EmailFolderSelector uses fallback folders when no providers are active","invocations":1,"location":null,"numPassingAsserts":1,"retryReasons":[],"startAt":1755046577754,"status":"passed","title":"uses fallback folders when no providers are active"}],"endTime":1755046577758,"message":"","name":"/workspace/frontend/components/email/email-folder-selector.test.tsx","startTime":1755046577660,"status":"passed","summary":""},{"assertionResults":[{"ancestorTitles":["parseDurationInput"],"duration":1,"failing":false,"failureDetails":[],"failureMessages":[],"fullName":"parseDurationInput parses \"45\" => 45 minutes","invocations":1,"location":null,"numPassingAsserts":1,"retryReasons":[],"startAt":1755046577836,"status":"passed","title":"parses \"45\" => 45 minutes"},{"ancestorTitles":["parseDurationInput"],"duration":0,"failing":false,"failureDetails":[],"failureMessages":[],"fullName":"parseDurationInput parses \"90\" => 90 minutes","invocations":1,"location":null,"numPassingAsserts":1,"retryReasons":[],"startAt":1755046577837,"status":"passed","title":"parses \"90\" => 90 minutes"},{"ancestorTitles":["parseDurationInput"],"duration":0,"failing":false,"failureDetails":[],"failureMessages":[],"fullName":"parseDurationInput parses \"1\" => 60 minutes","invocations":1,"location":null,"numPassingAsserts":1,"retryReasons":[],"startAt":1755046577837,"status":"passed","title":"parses \"1\" => 60 minutes"},{"ancestorTitles":["parseDurationInput"],"duration":0,"failing":false,"failureDetails":[],"failureMessages":[],"fullName":"parseDurationInput parses \"13\" => 780 minutes","invocations":1,"location":null,"numPassingAsserts":1,"retryReasons":[],"startAt":1755046577837,"status":"passed","title":"parses \"13\" => 780 minutes"},{"ancestorTitles":["parseDurationInput"],"duration":0,"failing":false,"failureDetails":[],"failureMessages":[],"fullName":"parseDurationInput parses \"14\" => 840 minutes","invocations":1,"location":null,"numPassingAsserts":1,"retryReasons":[],"startAt":1755046577837,"status":"passed","title":"parses \"14\" => 840 minutes"},{"ancestorTitles":["parseDurationInput"],"duration":0,"failing":false,"failureDetails":[],"failureMessages":[],"fullName":"parseDurationInput parses \"15\" => 15 minutes","invocations":1,"location":null,"numPassingAsserts":1,"retryReasons":[],"startAt":1755046577837,"status":"passed","title":"parses \"15\" => 15 minutes"},{"ancestorTitles":["parseDurationInput"],"duration":0,"failing":false,"failureDetails":[],"failureMessages":[],"fullName":"parseDurationInput parses \"999\" => 999 minutes","invocations":1,"location":null,"numPassingAsserts":1,"retryReasons":[],"startAt":1755046577837,"status":"passed","title":"parses \"999\" => 999 minutes"},{"ancestorTitles":["parseDurationInput"],"duration":0,"failing":false,"failureDetails":[],"failureMessages":[],"fullName":"parseDurationInput parses \"1.5\" => 90 minutes","invocations":1,"location":null,"numPassingAsserts":1,"retryReasons":[],"startAt":1755046577838,"status":"passed","title":"parses \"1.5\" => 90 minutes"},{"ancestorTitles":["parseDurationInput"],"duration":0,"failing":false,"failureDetails":[],"failureMessages":[],"fullName":"parseDurationInput parses \"2.25\" => 135 minutes","invocations":1,"location":null,"numPassingAsserts":1,"retryReasons":[],"startAt":1755046577838,"status":"passed","title":"parses \"2.25\" => 135 minutes"},{"ancestorTitles":["parseDurationInput"],"duration":0,"failing":false,"failureDetails":[],"failureMessages":[],"fullName":"parseDurationInput parses \"1:30\" => 90 minutes","invocations":1,"location":null,"numPassingAsserts":1,"retryReasons":[],"startAt":1755046577838,"status":"passed","title":"parses \"1:30\" => 90 minutes"},{"ancestorTitles":["parseDurationInput"],"duration":0,"failing":false,"failureDetails":[],"failureMessages":[],"fullName":"parseDurationInput parses \"0:45\" => 45 minutes","invocations":1,"location":null,"numPassingAsserts":1,"retryReasons":[],"startAt":1755046577838,"status":"passed","title":"parses \"0:45\" => 45 minutes"},{"ancestorTitles":["parseDurationInput"],"duration":0,"failing":false,"failureDetails":[],"failureMessages":[],"fullName":"parseDurationInput parses \"45m\" => 45 minutes","invocations":1,"location":null,"numPassingAsserts":1,"retryReasons":[],"startAt":1755046577838,"status":"passed","title":"parses \"45m\" => 45 minutes"},{"ancestorTitles":["parseDurationInput"],"duration":0,"failing":false,"failureDetails":[],"failureMessages":[],"fullName":"parseDurationInput parses \"90m\" => 90 minutes","invocations":1,"location":null,"numPassingAsserts":1,"retryReasons":[],"startAt":1755046577838,"status":"passed","title":"parses \"90m\" => 90 minutes"},{"ancestorTitles":["parseDurationInput"],"duration":0,"failing":false,"failureDetails":[],"failureMessages":[],"fullName":"parseDurationInput parses \"1h\" => 60 minutes","invocations":1,"location":null,"numPassingAsserts":1,"retryReasons":[],"startAt":1755046577838,"status":"passed","title":"parses \"1h\" => 60 minutes"},{"ancestorTitles":["parseDurationInput"],"duration":1,"failing":false,"failureDetails":[],"failureMessages":[],"fullName":"parseDurationInput parses \"1.5h\" => 90 minutes","invocations":1,"location":null,"numPassingAsserts":1,"retryReasons":[],"startAt":1755046577838,"status":"passed","title":"parses \"1.5h\" => 90 minutes"},{"ancestorTitles":["parseDurationInput"],"duration":0,"failing":false,"failureDetails":[],"failureMessages":[],"fullName":"parseDurationInput parses \"1h30m\" => 90 minutes","invocations":1,"location":null,"numPassingAsserts":1,"retryReasons":[],"startAt":1755046577839,"status":"passed","title":"parses \"1h30m\" => 90 minutes"},{"ancestorTitles":["parseDurationInput"],"duration":0,"failing":false,"failureDetails":[],"failureMessages":[],"fullName":"parseDurationInput parses \"1h 30m\" => 90 minutes","invocations":1,"location":null,"numPassingAsserts":1,"retryReasons":[],"startAt":1755046577839,"status":"passed","title":"parses \"1h 30m\" => 90 minutes"},{"ancestorTitles":["parseDurationInput"],"duration":0,"failing":false,"failureDetails":[],"failureMessages":[],"fullName":"parseDurationInput parses \"1hr 30min\" => 90 minutes","invocations":1,"location":null,"numPassingAsserts":1,"retryReasons":[],"startAt":1755046577839,"status":"passed","title":"parses \"1hr 30min\" => 90 minutes"},{"ancestorTitles":["parseDurationInput"],"duration":0,"failing":false,"failureDetails":[],"failureMessages":[],"fullName":"parseDurationInput parses \"1 hr 30min\" => 90 minutes","invocations":1,"location":null,"numPassingAsserts":1,"retryReasons":[],"startAt":1755046577839,"status":"passed","title":"parses \"1 hr 30min\" => 90 minutes"},{"ancestorTitles":["parseDurationInput"],"duration":0,"failing":false,"failureDetails":[],"failureMessages":[],"fullName":"parseDurationInput parses \"1 hr 5 min\" => 65 minutes","invocations":1,"location":null,"numPassingAsserts":1,"retryReasons":[],"startAt":1755046577839,"status":"passed","title":"parses \"1 hr 5 min\" => 65 minutes"},{"ancestorTitles":["parseDurationInput"],"duration":0,"failing":false,"failureDetails":[],"failureMessages":[],"fullName":"parseDurationInput parses \"1 HR 05 MIN\" => 65 minutes","invocations":1,"location":null,"numPassingAsserts":1,"retryReasons":[],"startAt":1755046577839,"status":"passed","title":"parses \"1 HR 05 MIN\" => 65 minutes"},{"ancestorTitles":["parseDurationInput"],"duration":0,"failing":false,"failureDetails":[],"failureMessages":[],"fullName":"parseDurationInput parses \"1 hour\" => 60 minutes","invocations":1,"location":null,"numPassingAsserts":1,"retryReasons":[],"startAt":1755046577839,"status":"passed","title":"parses \"1 hour\" => 60 minutes"},{"ancestorTitles":["parseDurationInput"],"duration":0,"failing":false,"failureDetails":[],"failureMessages":[],"fullName":"parseDurationInput parses \"2 HOURS\" => 120 minutes","invocations":1,"location":null,"numPassingAsserts":1,"retryReasons":[],"startAt":1755046577839,"status":"passed","title":"parses \"2 HOURS\" => 120 minutes"},{"ancestorTitles":["parseDurationInput"],"duration":0,"failing":false,"failureDetails":[],"failureMessages":[],"fullName":"parseDurationInput parses \"90 minutes\" => 90 minutes","invocations":1,"location":null,"numPassingAsserts":1,"retryReasons":[],"startAt":1755046577839,"status":"passed","title":"parses \"90 minutes\" => 90 minutes"},{"ancestorTitles":["parseDurationInput"],"duration":0,"failing":false,"failureDetails":[],"failureMessages":[],"fullName":"parseDurationInput parses \"1.5 hours\" => 90 minutes","invocations":1,"location":null,"numPassingAsserts":1,"retryReasons":[],"startAt":1755046577840,"status":"passed","title":"parses \"1.5 hours\" => 90 minutes"},{"ancestorTitles":["parseDurationInput"],"duration":0,"failing":false,"failureDetails":[],"failureMessages":[],"fullName":"parseDurationInput parses \"1 hour 30 minutes\" => 90 minutes","invocations":1,"location":null,"numPassingAsserts":1,"retryReasons":[],"startAt":1755046577840,"status":"passed","title":"parses \"1 hour 30 minutes\" => 90 minutes"},{"ancestorTitles":["parseDurationInput"],"duration":0,"failing":false,"failureDetails":[],"failureMessages":[],"fullName":"parseDurationInput parses \"1 h 30 m\" => 90 minutes","invocations":1,"location":null,"numPassingAsserts":1,"retryReasons":[],"startAt":1755046577840,"status":"passed","title":"parses \"1 h 30 m\" => 90 minutes"},{"ancestorTitles":["parseDurationInput"],"duration":0,"failing":false,"failureDetails":[],"failureMessages":[],"fullName":"parseDurationInput parses \"  45  m \" => 45 minutes","invocations":1,"location":null,"numPassingAsserts":1,"retryReasons":[],"startAt":1755046577840,"status":"passed","title":"parses \"  45  m \" => 45 minutes"},{"ancestorTitles":["parseDurationInput"],"duration":0,"failing":false,"failureDetails":[],"failureMessages":[],"fullName":"parseDurationInput parses \" 1 : 30 \" => null minutes","invocations":1,"location":null,"numPassingAsserts":1,"retryReasons":[],"startAt":1755046577840,"status":"passed","title":"parses \" 1 : 30 \" => null minutes"},{"ancestorTitles":["parseDurationInput"],"duration":0,"failing":false,"failureDetails":[],"failureMessages":[],"fullName":"parseDurationInput parses \"1:15\" => 75 minutes","invocations":1,"location":null,"numPassingAsserts":1,"retryReasons":[],"startAt":1755046577840,"status":"passed","title":"parses \"1:15\" => 75 minutes"},{"ancestorTitles":["parseDurationInput"],"duration":0,"failing":false,"failureDetails":[],"failureMessages":[],"fullName":"parseDurationInput parses \"0.25h\" => 15 minutes","invocations":1,"location":null,"numPassingAsserts":1,"retryReasons":[],"startAt":1755046577840,"status":"passed","title":"parses \"0.25h\" => 15 minutes"},{"ancestorTitles":["parseDurationInput"],"duration":0,"failing":false,"failureDetails":[],"failureMessages":[],"fullName":"parseDurationInput parses \"2hr\" => 120 minutes","invocations":1,"location":null,"numPassingAsserts":1,"retryReasons":[],"startAt":1755046577840,"status":"passed","title":"parses \"2hr\" => 120 minutes"},{"ancestorTitles":["parseDurationInput"],"duration":1,"failing":false,"failureDetails":[],"failureMessages":[],"fullName":"parseDurationInput parses \"75 mins\" => 75 minutes","invocations":1,"location":null,"numPassingAsserts":1,"retryReasons":[],"startAt":1755046577840,"status":"passed","title":"parses \"75 mins\" => 75 minutes"},{"ancestorTitles":["parseDurationInput"],"duration":0,"failing":false,"failureDetails":[],"failureMessages":[],"fullName":"parseDurationInput parses \"90minute\" => 90 minutes","invocations":1,"location":null,"numPassingAsserts":1,"retryReasons":[],"startAt":1755046577841,"status":"passed","title":"parses \"90minute\" => 90 minutes"},{"ancestorTitles":["parseDurationInput"],"duration":0,"failing":false,"failureDetails":[],"failureMessages":[],"fullName":"parseDurationInput parses \"2 HOURS 15 MINUTES\" => 135 minutes","invocations":1,"location":null,"numPassingAsserts":1,"retryReasons":[],"startAt":1755046577841,"status":"passed","title":"parses \"2 HOURS 15 MINUTES\" => 135 minutes"},{"ancestorTitles":["parseDurationInput"],"duration":0,"failing":false,"failureDetails":[],"failureMessages":[],"fullName":"parseDurationInput parses \"1hour 30minutes\" => 90 minutes","invocations":1,"location":null,"numPassingAsserts":1,"retryReasons":[],"startAt":1755046577841,"status":"passed","title":"parses \"1hour 30minutes\" => 90 minutes"},{"ancestorTitles":["parseDurationInput"],"duration":0,"failing":false,"failureDetails":[],"failureMessages":[],"fullName":"parseDurationInput parses \"1hour30minutes\" => null minutes","invocations":1,"location":null,"numPassingAsserts":1,"retryReasons":[],"startAt":1755046577841,"status":"passed","title":"parses \"1hour30minutes\" => null minutes"},{"ancestorTitles":["parseDurationInput"],"duration":0,"failing":false,"failureDetails":[],"failureMessages":[],"fullName":"parseDurationInput parses \"2h15\" => 135 minutes","invocations":1,"location":null,"numPassingAsserts":1,"retryReasons":[],"startAt":1755046577841,"status":"passed","title":"parses \"2h15\" => 135 minutes"},{"ancestorTitles":["parseDurationInput"],"duration":0,"failing":false,"failureDetails":[],"failureMessages":[],"fullName":"parseDurationInput invalid \"0\" returns null","invocations":1,"location":null,"numPassingAsserts":1,"retryReasons":[],"startAt":1755046577841,"status":"passed","title":"invalid \"0\" returns null"},{"ancestorTitles":["parseDurationInput"],"duration":0,"failing":false,"failureDetails":[],"failureMessages":[],"fullName":"parseDurationInput invalid \"-10\" returns null","invocations":1,"location":null,"numPassingAsserts":1,"retryReasons":[],"startAt":1755046577841,"status":"passed","title":"invalid \"-10\" returns null"},{"ancestorTitles":["parseDurationInput"],"duration":0,"failing":false,"failureDetails":[],"failureMessages":[],"fullName":"parseDurationInput invalid \"abc\" returns null","invocations":1,"location":null,"numPassingAsserts":1,"retryReasons":[],"startAt":1755046577841,"status":"passed","title":"invalid \"abc\" returns null"},{"ancestorTitles":["parseDurationInput"],"duration":0,"failing":false,"failureDetails":[],"failureMessages":[],"fullName":"parseDurationInput invalid \"1:75\" returns null","invocations":1,"location":null,"numPassingAsserts":1,"retryReasons":[],"startAt":1755046577841,"status":"passed","title":"invalid \"1:75\" returns null"},{"ancestorTitles":["parseDurationInput"],"duration":0,"failing":false,"failureDetails":[],"failureMessages":[],"fullName":"parseDurationInput invalid \"1h 75m\" returns null","invocations":1,"location":null,"numPassingAsserts":1,"retryReasons":[],"startAt":1755046577841,"status":"passed","title":"invalid \"1h 75m\" returns null"},{"ancestorTitles":["parseDurationInput"],"duration":1,"failing":false,"failureDetails":[],"failureMessages":[],"fullName":"parseDurationInput invalid \".5\" returns null","invocations":1,"location":null,"numPassingAsserts":1,"retryReasons":[],"startAt":1755046577841,"status":"passed","title":"invalid \".5\" returns null"},{"ancestorTitles":["SmartTimeDurationInput UI behavior"],"duration":6,"failing":false,"failureDetails":[],"failureMessages":[],"fullName":"SmartTimeDurationInput UI behavior commits parsed value on blur when valid","invocations":1,"location":null,"numPassingAsserts":1,"retryReasons":[],"startAt":1755046577842,"status":"passed","title":"commits parsed value on blur when valid"},{"ancestorTitles":["SmartTimeDurationInput UI behavior"],"duration":3,"failing":false,"failureDetails":[],"failureMessages":[],"fullName":"SmartTimeDurationInput UI behavior commits parsed value on Enter when valid","invocations":1,"location":null,"numPassingAsserts":1,"retryReasons":[],"startAt":1755046577848,"status":"passed","title":"commits parsed value on Enter when valid"},{"ancestorTitles":["SmartTimeDurationInput UI behavior"],"duration":3,"failing":false,"failureDetails":[],"failureMessages":[],"fullName":"SmartTimeDurationInput UI behavior shows error outline when invalid on blur","invocations":1,"location":null,"numPassingAsserts":2,"retryReasons":[],"startAt":1755046577851,"status":"passed","title":"shows error outline when invalid on blur"},{"ancestorTitles":["SmartTimeDurationInput UI behavior"],"duration":2,"failing":false,"failureDetails":[],"failureMessages":[],"fullName":"SmartTimeDurationInput UI behavior clears error outline on focus","invocations":1,"location":null,"numPassingAsserts":2,"retryReasons":[],"startAt":1755046577854,"status":"passed","title":"clears error outline on focus"},{"ancestorTitles":["SmartTimeDurationInput UI behavior"],"duration":8,"failing":false,"failureDetails":[],"failureMessages":[],"fullName":"SmartTimeDurationInput UI behavior shows grey hint for auto-detected units when no explicit unit provided","invocations":1,"location":null,"numPassingAsserts":1,"retryReasons":[],"startAt":1755046577856,"status":"passed","title":"shows grey hint for auto-detected units when no explicit unit provided"},{"ancestorTitles":["SmartTimeDurationInput UI behavior"],"duration":2,"failing":false,"failureDetails":[],"failureMessages":[],"fullName":"SmartTimeDurationInput UI behavior shows hint when explicit unit provided","invocations":1,"location":null,"numPassingAsserts":1,"retryReasons":[],"startAt":1755046577864,"status":"passed","title":"shows hint when explicit unit provided"},{"ancestorTitles":["SmartTimeDurationInput UI behavior"],"duration":2,"failing":false,"failureDetails":[],"failureMessages":[],"fullName":"SmartTimeDurationInput UI behavior escape triggers onCancel without committing","invocations":1,"location":null,"numPassingAsserts":2,"retryReasons":[],"startAt":1755046577866,"status":"passed","title":"escape triggers onCancel without committing"},{"ancestorTitles":["SmartTimeDurationInput UI behavior"],"duration":3,"failing":false,"failureDetails":[],"failureMessages":[],"fullName":"SmartTimeDurationInput UI behavior heuristic: integer <= 14 is hours, > 14 is minutes","invocations":1,"location":null,"numPassingAsserts":2,"retryReasons":[],"startAt":1755046577868,"status":"passed","title":"heuristic: integer <= 14 is hours, > 14 is minutes"},{"ancestorTitles":["SmartTimeDurationInput UI behavior"],"duration":2,"failing":false,"failureDetails":[],"failureMessages":[],"fullName":"SmartTimeDurationInput UI behavior word unit detection (starts with h/m)","invocations":1,"location":null,"numPassingAsserts":1,"retryReasons":[],"startAt":1755046577871,"status":"passed","title":"word unit detection (starts with h/m)"}],"endTime":1755046577874,"message":"","name":"/workspace/frontend/components/ui/__tests__/smart-time-duration-input.test.tsx","startTime":1755046577765,"status":"passed","summary":""},{"assertionResults":[{"ancestorTitles":["useShipmentDetection"],"duration":3,"failing":false,"failureDetails":[],"failureMessages":[],"fullName":"useShipmentDetection should detect multiple tracking numbers in the same email","invocations":1,"location":null,"numPassingAsserts":5,"retryReasons":[],"startAt":1755046577940,"status":"passed","title":"should detect multiple tracking numbers in the same email"},{"ancestorTitles":["useShipmentDetection"],"duration":1,"failing":false,"failureDetails":[],"failureMessages":[],"fullName":"useShipmentDetection should detect multiple generic tracking numbers","invocations":1,"location":null,"numPassingAsserts":3,"retryReasons":[],"startAt":1755046577943,"status":"passed","title":"should detect multiple generic tracking numbers"},{"ancestorTitles":["useShipmentDetection"],"duration":0,"failing":false,"failureDetails":[],"failureMessages":[],"fullName":"useShipmentDetection should detect shipment email from Amazon domain","invocations":1,"location":null,"numPassingAsserts":4,"retryReasons":[],"startAt":1755046577945,"status":"passed","title":"should detect shipment email from Amazon domain"},{"ancestorTitles":["useShipmentDetection"],"duration":1,"failing":false,"failureDetails":[],"failureMessages":[],"fullName":"useShipmentDetection should correctly handle duplicate tracking numbers in different positions","invocations":1,"location":null,"numPassingAsserts":3,"retryReasons":[],"startAt":1755046577946,"status":"passed","title":"should correctly handle duplicate tracking numbers in different positions"},{"ancestorTitles":["useShipmentDetection"],"duration":1,"failing":false,"failureDetails":[],"failureMessages":[],"fullName":"useShipmentDetection should detect UPS 1Z tracking numbers even when other order numbers are present","invocations":1,"location":null,"numPassingAsserts":5,"retryReasons":[],"startAt":1755046577947,"status":"passed","title":"should detect UPS 1Z tracking numbers even when other order numbers are present"},{"ancestorTitles":["useShipmentDetection"],"duration":1,"failing":false,"failureDetails":[],"failureMessages":[],"fullName":"useShipmentDetection should prioritize UPS 1Z patterns over generic patterns when overlapping","invocations":1,"location":null,"numPassingAsserts":2,"retryReasons":[],"startAt":1755046577948,"status":"passed","title":"should prioritize UPS 1Z patterns over generic patterns when overlapping"},{"ancestorTitles":["useShipmentDetection"],"duration":6,"failing":false,"failureDetails":[],"failureMessages":[],"fullName":"useShipmentDetection should handle edge case where UPS 1Z number conflicts with order number pattern","invocations":1,"location":null,"numPassingAsserts":3,"retryReasons":[],"startAt":1755046577949,"status":"passed","title":"should handle edge case where UPS 1Z number conflicts with order number pattern"},{"ancestorTitles":["useShipmentDetection"],"duration":1,"failing":false,"failureDetails":[],"failureMessages":[],"fullName":"useShipmentDetection should detect UPS 1Z numbers when they appear in different contexts","invocations":1,"location":null,"numPassingAsserts":5,"retryReasons":[],"startAt":1755046577955,"status":"passed","title":"should detect UPS 1Z numbers when they appear in different contexts"},{"ancestorTitles":["useShipmentDetection"],"duration":1,"failing":false,"failureDetails":[],"failureMessages":[],"fullName":"useShipmentDetection should handle the specific case where UPS 1Z is missed due to pattern priority","invocations":1,"location":null,"numPassingAsserts":5,"retryReasons":[],"startAt":1755046577956,"status":"passed","title":"should handle the specific case where UPS 1Z is missed due to pattern priority"},{"ancestorTitles":["useShipmentDetection"],"duration":1,"failing":false,"failureDetails":[],"failureMessages":[],"fullName":"useShipmentDetection should debug pattern matching behavior with overlapping patterns","invocations":1,"location":null,"numPassingAsserts":4,"retryReasons":[],"startAt":1755046577958,"status":"passed","title":"should debug pattern matching behavior with overlapping patterns"},{"ancestorTitles":["useShipmentDetection"],"duration":1,"failing":false,"failureDetails":[],"failureMessages":[],"fullName":"useShipmentDetection should detect UPS 1Z tracking numbers in Amazon emails (original issue)","invocations":1,"location":null,"numPassingAsserts":5,"retryReasons":[],"startAt":1755046577959,"status":"passed","title":"should detect UPS 1Z tracking numbers in Amazon emails (original issue)"},{"ancestorTitles":["useShipmentDetection"],"duration":1,"failing":false,"failureDetails":[],"failureMessages":[],"fullName":"useShipmentDetection should prioritize carrier-specific patterns to avoid multiple package conflicts","invocations":1,"location":null,"numPassingAsserts":4,"retryReasons":[],"startAt":1755046577960,"status":"passed","title":"should prioritize carrier-specific patterns to avoid multiple package conflicts"},{"ancestorTitles":["useShipmentDetection"],"duration":1,"failing":false,"failureDetails":[],"failureMessages":[],"fullName":"useShipmentDetection should detect Amazon shipment in forwarded email (Amazon sender in body)","invocations":1,"location":null,"numPassingAsserts":4,"retryReasons":[],"startAt":1755046577961,"status":"passed","title":"should detect Amazon shipment in forwarded email (Amazon sender in body)"},{"ancestorTitles":["useShipmentDetection"],"duration":1,"failing":false,"failureDetails":[],"failureMessages":[],"fullName":"useShipmentDetection should correctly detect 26-digit tracking numbers as USPS by default","invocations":1,"location":null,"numPassingAsserts":4,"retryReasons":[],"startAt":1755046577962,"status":"passed","title":"should correctly detect 26-digit tracking numbers as USPS by default"},{"ancestorTitles":["useShipmentDetection"],"duration":1,"failing":false,"failureDetails":[],"failureMessages":[],"fullName":"useShipmentDetection should detect 26-digit tracking numbers as UPS when UPS context is present","invocations":1,"location":null,"numPassingAsserts":4,"retryReasons":[],"startAt":1755046577963,"status":"passed","title":"should detect 26-digit tracking numbers as UPS when UPS context is present"}],"endTime":1755046577964,"message":"","name":"/workspace/frontend/hooks/use-shipment-detection.test.ts","startTime":1755046577880,"status":"passed","summary":""},{"assertionResults":[{"ancestorTitles":["UserPreferencesProvider"],"duration":3,"failing":false,"failureDetails":[],"failureMessages":[],"fullName":"UserPreferencesProvider defaults to browser timezone if no manual override","invocations":1,"location":null,"numPassingAsserts":1,"retryReasons":[],"startAt":1755046578035,"status":"passed","title":"defaults to browser timezone if no manual override"},{"ancestorTitles":["UserPreferencesProvider"],"duration":7,"failing":false,"failureDetails":[],"failureMessages":[],"fullName":"UserPreferencesProvider uses manual timezone if set","invocations":1,"location":null,"numPassingAsserts":1,"retryReasons":[],"startAt":1755046578038,"status":"passed","title":"uses manual timezone if set"},{"ancestorTitles":["UserPreferencesProvider"],"duration":2,"failing":false,"failureDetails":[],"failureMessages":[],"fullName":"UserPreferencesProvider falls back to browser timezone if manual is empty","invocations":1,"location":null,"numPassingAsserts":1,"retryReasons":[],"startAt":1755046578045,"status":"passed","title":"falls back to browser timezone if manual is empty"}],"endTime":1755046578047,"message":"","name":"/workspace/frontend/contexts/settings-context.test.tsx","startTime":1755046577970,"status":"passed","summary":""},{"assertionResults":[{"ancestorTitles":["GatewayClient"],"duration":6,"failing":false,"failureDetails":[],"failureMessages":[],"fullName":"GatewayClient attaches JWT as Bearer token in Authorization header if session has accessToken","invocations":1,"location":null,"numPassingAsserts":1,"retryReasons":[],"startAt":1755046578125,"status":"passed","title":"attaches JWT as Bearer token in Authorization header if session has accessToken"},{"ancestorTitles":["GatewayClient"],"duration":0,"failing":false,"failureDetails":[],"failureMessages":[],"fullName":"GatewayClient does not attach Authorization header if session has no accessToken","invocations":1,"location":null,"numPassingAsserts":1,"retryReasons":[],"startAt":1755046578132,"status":"passed","title":"does not attach Authorization header if session has no accessToken"},{"ancestorTitles":["GatewayClient","getPackages with cursor-based pagination"],"duration":2,"failing":false,"failureDetails":[],"failureMessages":[],"fullName":"GatewayClient getPackages with cursor-based pagination calls getPackages with cursor-based pagination parameters","invocations":1,"location":null,"numPassingAsserts":1,"retryReasons":[],"startAt":1755046578132,"status":"passed","title":"calls getPackages with cursor-based pagination parameters"},{"ancestorTitles":["GatewayClient","getPackages with cursor-based pagination"],"duration":0,"failing":false,"failureDetails":[],"failureMessages":[],"fullName":"GatewayClient getPackages with cursor-based pagination calls getPackages without parameters","invocations":1,"location":null,"numPassingAsserts":1,"retryReasons":[],"startAt":1755046578134,"status":"passed","title":"calls getPackages without parameters"},{"ancestorTitles":["GatewayClient","getPackages with cursor-based pagination"],"duration":1,"failing":false,"failureDetails":[],"failureMessages":[],"fullName":"GatewayClient getPackages with cursor-based pagination returns cursor-based pagination response structure","invocations":1,"location":null,"numPassingAsserts":6,"retryReasons":[],"startAt":1755046578134,"status":"passed","title":"returns cursor-based pagination response structure"},{"ancestorTitles":["GatewayClient","getPackages with cursor-based pagination"],"duration":1,"failing":false,"failureDetails":[],"failureMessages":[],"fullName":"GatewayClient getPackages with cursor-based pagination handles empty pagination response","invocations":1,"location":null,"numPassingAsserts":3,"retryReasons":[],"startAt":1755046578135,"status":"passed","title":"handles empty pagination response"},{"ancestorTitles":["GatewayClient","getPackages with cursor-based pagination"],"duration":7,"failing":false,"failureDetails":[],"failureMessages":[],"fullName":"GatewayClient getPackages with cursor-based pagination handles cursor validation errors","invocations":1,"location":null,"numPassingAsserts":1,"retryReasons":[],"startAt":1755046578136,"status":"passed","title":"handles cursor validation errors"}],"endTime":1755046578144,"message":"","name":"/workspace/frontend/lib/gateway-client.test.ts","startTime":1755046578053,"status":"passed","summary":""},{"assertionResults":[{"ancestorTitles":["Package Pagination E2E","Complete Cursor Pagination User Flows"],"duration":386,"failing":false,"failureDetails":[],"failureMessages":[],"fullName":"Package Pagination E2E Complete Cursor Pagination User Flows should load first page and display pagination controls","invocations":1,"location":null,"numPassingAsserts":8,"retryReasons":[],"startAt":1755046576252,"status":"passed","title":"should load first page and display pagination controls"},{"ancestorTitles":["Package Pagination E2E","Complete Cursor Pagination User Flows"],"duration":357,"failing":false,"failureDetails":[],"failureMessages":[],"fullName":"Package Pagination E2E Complete Cursor Pagination User Flows should navigate to next page when Next button is clicked","invocations":1,"location":null,"numPassingAsserts":5,"retryReasons":[],"startAt":1755046576639,"status":"passed","title":"should navigate to next page when Next button is clicked"},{"ancestorTitles":["Package Pagination E2E","Complete Cursor Pagination User Flows"],"duration":356,"failing":false,"failureDetails":[],"failureMessages":[],"fullName":"Package Pagination E2E Complete Cursor Pagination User Flows should navigate to previous page when Previous button is clicked","invocations":1,"location":null,"numPassingAsserts":4,"retryReasons":[],"startAt":1755046576996,"status":"passed","title":"should navigate to previous page when Previous button is clicked"},{"ancestorTitles":["Package Pagination E2E","Complete Cursor Pagination User Flows"],"duration":352,"failing":false,"failureDetails":[],"failureMessages":[],"fullName":"Package Pagination E2E Complete Cursor Pagination User Flows should navigate to first page when First button is clicked","invocations":1,"location":null,"numPassingAsserts":4,"retryReasons":[],"startAt":1755046577352,"status":"passed","title":"should navigate to first page when First button is clicked"},{"ancestorTitles":["Package Pagination E2E","Complete Cursor Pagination User Flows"],"duration":355,"failing":false,"failureDetails":[],"failureMessages":[],"fullName":"Package Pagination E2E Complete Cursor Pagination User Flows should handle network errors during pagination","invocations":1,"location":null,"numPassingAsserts":2,"retryReasons":[],"startAt":1755046577704,"status":"passed","title":"should handle network errors during pagination"},{"ancestorTitles":["Package Pagination E2E","Complete Cursor Pagination User Flows"],"duration":16,"failing":false,"failureDetails":[],"failureMessages":[],"fullName":"Package Pagination E2E Complete Cursor Pagination User Flows should handle empty results gracefully","invocations":1,"location":null,"numPassingAsserts":4,"retryReasons":[],"startAt":1755046578059,"status":"passed","title":"should handle empty results gracefully"},{"ancestorTitles":["Package Pagination E2E","URL State Management"],"duration":328,"failing":false,"failureDetails":[],"failureMessages":[],"fullName":"Package Pagination E2E URL State Management should update URL parameters when filters change","invocations":1,"location":null,"numPassingAsserts":2,"retryReasons":[],"startAt":1755046578075,"status":"passed","title":"should update URL parameters when filters change"},{"ancestorTitles":["Package Pagination E2E","URL State Management"],"duration":325,"failing":false,"failureDetails":[],"failureMessages":[],"fullName":"Package Pagination E2E URL State Management should load state from URL parameters on mount","invocations":1,"location":null,"numPassingAsserts":1,"retryReasons":[],"startAt":1755046578403,"status":"passed","title":"should load state from URL parameters on mount"},{"ancestorTitles":["Package Pagination E2E","Performance Optimizations"],"duration":54,"failing":false,"failureDetails":[],"failureMessages":[],"fullName":"Package Pagination E2E Performance Optimizations should debounce rapid pagination clicks","invocations":1,"location":null,"numPassingAsserts":2,"retryReasons":[],"startAt":1755046578728,"status":"passed","title":"should debounce rapid pagination clicks"},{"ancestorTitles":["Package Pagination E2E","Performance Optimizations"],"duration":332,"failing":false,"failureDetails":[],"failureMessages":[],"fullName":"Package Pagination E2E Performance Optimizations should cache cursor data for better performance","invocations":1,"location":null,"numPassingAsserts":2,"retryReasons":[],"startAt":1755046578782,"status":"passed","title":"should cache cursor data for better performance"}],"endTime":1755046579115,"message":"","name":"/workspace/frontend/components/packages/__tests__/PackagePaginationE2E.test.tsx","startTime":1755046575394,"status":"passed","summary":""},{"assertionResults":[{"ancestorTitles":["Debug Test"],"duration":1386,"failing":false,"failureDetails":[],"failureMessages":[],"fullName":"Debug Test should display packages when they are returned","invocations":1,"location":null,"numPassingAsserts":2,"retryReasons":[],"startAt":1755046576259,"status":"passed","title":"should display packages when they are returned"},{"ancestorTitles":["Debug Test"],"duration":1326,"failing":false,"failureDetails":[],"failureMessages":[],"fullName":"Debug Test should display packages when date range is set to all","invocations":1,"location":null,"numPassingAsserts":2,"retryReasons":[],"startAt":1755046577645,"status":"passed","title":"should display packages when date range is set to all"},{"ancestorTitles":["Debug Test"],"duration":1324,"failing":false,"failureDetails":[],"failureMessages":[],"fullName":"Debug Test should display packages with date range bypass","invocations":1,"location":null,"numPassingAsserts":2,"retryReasons":[],"startAt":1755046578971,"status":"passed","title":"should display packages with date range bypass"}],"endTime":1755046580296,"message":"","name":"/workspace/frontend/components/packages/__tests__/debug.test.tsx","startTime":1755046575425,"status":"passed","summary":""}],"wasInterrupted":false}
